Arguments: 
  /Users/muhilham/.nvm/versions/node/v10.16.2/bin/node /usr/local/Cellar/yarn/1.17.3/libexec/bin/yarn.js run start

PATH: 
  /Users/muhilham/.rvm/gems/ruby-2.2.1/bin:/Users/muhilham/.rvm/gems/ruby-2.2.1@global/bin:/Users/muhilham/.rvm/rubies/ruby-2.2.1/bin:/Users/muhilham/.nvm/versions/node/v10.16.2/bin:/Users/muhilham/Documents/repo/tanihub/oathkeeper/util/jasperstarter/bin:/usr/local/opt/node@10/bin:/usr/local/opt/node@8/bin:/usr/local/opt/node@8/bin:/usr/local/opt/node@8/bin:/usr/local/opt/node@8/bin:/usr/local/opt/node@8/bin:/usr/local/opt/node@8/bin:/usr/local/opt/node@8/bin:/Users/muhilham/.yarn/bin:/usr/local/opt/php@7.1/sbin:/usr/local/opt/php@7.1/bin:/usr/local/sbin:/usr/local/Caskroom/google-cloud-sdk/latest/google-cloud-sdk/bin:/usr/local/bin:/usr/bin:/bin:/usr/sbin:/sbin:/opt/X11/bin:/opt/ImageMagick/bin:/Users/muhilham/.rvm/gems/ruby-2.2.1/bin:/Users/muhilham/.rvm/gems/ruby-2.2.1@global/bin:/Users/muhilham/.rvm/rubies/ruby-2.2.1/bin:/usr/local/sbin:/usr/local/bin:/usr/bin:/bin:/usr/sbin:/sbin:/usr/local/go/bin:/Users/muhilham/.rvm/bin:/Users/muhilham/.composer/vendor/bin:/Users/muhilham/go/bin:/Users/muhilham/Library/Android/sdk/tools:/Users/muhilham/Library/Android/sdk/tools/bin:/Users/muhilham/Library/Android/sdk/platform-tools

Yarn version: 
  1.17.3

Node version: 
  10.16.2

Platform: 
  darwin x64

Trace: 
  SyntaxError: /Users/muhilham/Documents/repo/pasarpolis/livecode/package.json: Unexpected token } in JSON at position 186
      at JSON.parse (<anonymous>)
      at /usr/local/Cellar/yarn/1.17.3/libexec/lib/cli.js:1625:59
      at Generator.next (<anonymous>)
      at step (/usr/local/Cellar/yarn/1.17.3/libexec/lib/cli.js:304:30)
      at /usr/local/Cellar/yarn/1.17.3/libexec/lib/cli.js:315:13

npm manifest: 
  {
    "name": "livecode",
    "version": "1.0.0",
    "main": "index.js",
    "license": "MIT",
    "dependencies": {
      "moment": "^2.24.0"
    },
    "scripts": {
      "start": "node index.js"
    },
  }

yarn manifest: 
  No manifest

Lockfile: 
  # THIS IS AN AUTOGENERATED FILE. DO NOT EDIT THIS FILE DIRECTLY.
  # yarn lockfile v1
  
  
  moment@^2.24.0:
    version "2.24.0"
    resolved "https://registry.yarnpkg.com/moment/-/moment-2.24.0.tgz#0d055d53f5052aa653c9f6eb68bb5d12bf5c2b5b"
    integrity sha512-bV7f+6l2QigeBBZSM/6yTNq4P2fNpSWj/0e7jQcy87A8e7o2nAfP/34/2ky5Vw4B9S446EtIhodAzkFCcR4dQg==
